{
  "RSpec": {
    "coverage": {
      "/root/IndivProjectRepoCs3300/app/helpers/application_helper.rb": {
        "lines": [
          1,
          null
        ]
      },
      "/root/IndivProjectRepoCs3300/app/helpers/projects_helper.rb": {
        "lines": [
          1,
          null
        ]
      },
      "/root/IndivProjectRepoCs3300/app/helpers/welcome_helper.rb": {
        "lines": [
          1,
          null
        ]
      },
      "/root/IndivProjectRepoCs3300/app/controllers/projects_controller.rb": {
        "lines": [
          1,
          1,
          null,
          null,
          1,
          4,
          null,
          null,
          null,
          1,
          null,
          null,
          null,
          1,
          3,
          null,
          null,
          null,
          1,
          null,
          null,
          null,
          1,
          0,
          null,
          0,
          0,
          0,
          0,
          null,
          0,
          0,
          null,
          null,
          null,
          null,
          null,
          1,
          0,
          0,
          0,
          0,
          null,
          0,
          0,
          null,
          null,
          null,
          null,
          null,
          1,
          0,
          0,
          0,
          0,
          null,
          null,
          null,
          1,
          null,
          1,
          3,
          null,
          null,
          null,
          1,
          0,
          null,
          null
        ]
      },
      "/root/IndivProjectRepoCs3300/app/controllers/application_controller.rb": {
        "lines": [
          1,
          null
        ]
      },
      "/root/IndivProjectRepoCs3300/app/models/project.rb": {
        "lines": [
          1,
          null
        ]
      },
      "/root/IndivProjectRepoCs3300/app/models/application_record.rb": {
        "lines": [
          1,
          1,
          null
        ]
      },
      "/root/IndivProjectRepoCs3300/app/channels/application_cable/channel.rb": {
        "lines": [
          0,
          0,
          0,
          0
        ],
        "branches": {
        }
      },
      "/root/IndivProjectRepoCs3300/app/channels/application_cable/connection.rb": {
        "lines": [
          0,
          0,
          0,
          0
        ],
        "branches": {
        }
      },
      "/root/IndivProjectRepoCs3300/app/jobs/application_job.rb": {
        "lines": [
          0,
          null,
          null,
          null,
          null,
          null,
          0
        ],
        "branches": {
        }
      },
      "/root/IndivProjectRepoCs3300/app/controllers/welcome_controller.rb": {
        "lines": [
          0,
          0
        ],
        "branches": {
        }
      },
      "/root/IndivProjectRepoCs3300/app/mailers/application_mailer.rb": {
        "lines": [
          0,
          0,
          0,
          0
        ],
        "branches": {
        }
      }
    },
    "timestamp": 1620614561
  }
}
